<?xml version="1.0" encoding="UTF-8"?>
<!-- Generated by org.testng.reporters.JUnitXMLReporter -->
<testsuite hostname="WINGB185152-1SG" ignored="0" name="Default test" tests="3" failures="0" timestamp="2021-06-01T18:15:52 IST" time="5.587" errors="0">
  <testcase name="verifyStatus" time="2.465" classname="SpaceXAutomation.SpaceXAPIAutomation.VerifyLatestAPI"/>
  <testcase name="verifyBody" time="1.633" classname="SpaceXAutomation.SpaceXAPIAutomation.VerifyLatestAPI"/>
  <testcase name="verifyHeaders" time="1.462" classname="SpaceXAutomation.SpaceXAPIAutomation.VerifyLatestAPI"/>
</testsuite> <!-- Default test -->
