<?xml version="1.0" encoding="UTF-8"?>
<!-- Generated by org.testng.reporters.JUnitXMLReporter -->
<testsuite hostname="WINGB185152-1SG" ignored="0" name="Test" tests="3" failures="0" timestamp="2021-06-01T18:20:33 IST" time="5.202" errors="0">
  <testcase name="verifyStatus" time="2.283" classname="SpaceXAutomation.SpaceXAPIAutomation.VerifyLatestAPI"/>
  <testcase name="verifyBody" time="1.563" classname="SpaceXAutomation.SpaceXAPIAutomation.VerifyLatestAPI"/>
  <testcase name="verifyHeaders" time="1.331" classname="SpaceXAutomation.SpaceXAPIAutomation.VerifyLatestAPI"/>
</testsuite> <!-- Test -->
